<?xml version="1.0" encoding="UTF-8"?>
<!-- Generated by org.testng.reporters.JUnitReportReporter -->
<testsuite hostname="TYSS-Shobha" failures="0" tests="1" name="Demo.Sample1Test" time="0.006" errors="0" timestamp="2023-01-29T13:19:23 IST" skipped="0">
  <testcase classname="Demo.Sample1Test" name="d1" time="0.006"/>
  <system-out/>
</testsuite> <!-- Demo.Sample1Test -->
